Detecting C [-std=c11] compiler features failed to compile with the following output:
Change Dir: /Users/balthazarfrolin/Documents/INSA/Repositories/C:C++/TD-HashTable-Guerin/cmake-build-debug/CMakeFiles/CMakeTmp

Run Build Command:"/usr/bin/make" "cmTC_c6fba/fast"
/Library/Developer/CommandLineTools/usr/bin/make -f CMakeFiles/cmTC_c6fba.dir/build.make CMakeFiles/cmTC_c6fba.dir/build
CMakeFiles/cmTC_c6fba.dir/build.make:64: *** target pattern contains no `%'.  Stop.
make: *** [cmTC_c6fba/fast] Error 2



Detecting CXX [-std=c++1z] compiler features failed to compile with the following output:
Change Dir: /Users/balthazarfrolin/Documents/INSA/Repositories/C:C++/TD-HashTable-Guerin/cmake-build-debug/CMakeFiles/CMakeTmp

Run Build Command:"/usr/bin/make" "cmTC_916db/fast"
/Library/Developer/CommandLineTools/usr/bin/make -f CMakeFiles/cmTC_916db.dir/build.make CMakeFiles/cmTC_916db.dir/build
CMakeFiles/cmTC_916db.dir/build.make:64: *** target pattern contains no `%'.  Stop.
make: *** [cmTC_916db/fast] Error 2



