Detecting C [-std=c11] compiler features failed to compile with the following output:
Change Dir: /Users/balthazarfrolin/Documents/INSA/Repositories/C:C++/NombrePremier/cmake-build-debug/CMakeFiles/CMakeTmp

Run Build Command:"/usr/bin/make" "cmTC_55579/fast"
/Applications/Xcode.app/Contents/Developer/usr/bin/make -f CMakeFiles/cmTC_55579.dir/build.make CMakeFiles/cmTC_55579.dir/build
CMakeFiles/cmTC_55579.dir/build.make:64: *** target pattern contains no `%'.  Stop.
make: *** [cmTC_55579/fast] Error 2



Detecting CXX [-std=c++1z] compiler features failed to compile with the following output:
Change Dir: /Users/balthazarfrolin/Documents/INSA/Repositories/C:C++/NombrePremier/cmake-build-debug/CMakeFiles/CMakeTmp

Run Build Command:"/usr/bin/make" "cmTC_aadc9/fast"
/Applications/Xcode.app/Contents/Developer/usr/bin/make -f CMakeFiles/cmTC_aadc9.dir/build.make CMakeFiles/cmTC_aadc9.dir/build
CMakeFiles/cmTC_aadc9.dir/build.make:64: *** target pattern contains no `%'.  Stop.
make: *** [cmTC_aadc9/fast] Error 2



